<?xml version="1.0" encoding="UTF-8"?>
<!-- Generated by org.testng.reporters.JUnitReportReporter -->
<testsuite skipped="0" hostname="webner-pc" name="test.NewTest" tests="1" failures="0" timestamp="10 Sep 2018 13:24:08 GMT" time="20.824" errors="0">
  <testcase name="verifyHomepageTitle" time="20.824" classname="test.NewTest"/>
</testsuite> <!-- test.NewTest -->
